The system is: Linux - 5.0.1 - x86_64
Compiling the CXX compiler identification source file "CMakeCXXCompilerId.cpp" succeeded.
Compiler: /home/gluck/.local/bin/c++ 
Build flags: 
Id flags:  

The output was:
0


Compilation of the CXX compiler identification source "CMakeCXXCompilerId.cpp" produced "a.out"

The CXX compiler identification is GNU, found in "/home/gluck/qwe/build/CMakeFiles/3.12.1/CompilerIdCXX/a.out"

Determining if the CXX compiler works passed with the following output:
Change Dir: /home/gluck/qwe/build/CMakeFiles/CMakeTmp

Run Build Command:"/usr/bin/gmake" "cmTC_48623/fast"
/usr/bin/gmake -f CMakeFiles/cmTC_48623.dir/build.make CMakeFiles/cmTC_48623.dir/build
gmake[1]: вход в каталог «/home/gluck/qwe/build/CMakeFiles/CMakeTmp»
Building CXX object CMakeFiles/cmTC_48623.dir/testCXXCompiler.cxx.o
/home/gluck/.local/bin/c++     -o CMakeFiles/cmTC_48623.dir/testCXXCompiler.cxx.o -c /home/gluck/qwe/build/CMakeFiles/CMakeTmp/testCXXCompiler.cxx
Linking CXX executable cmTC_48623
/usr/bin/cmake -E cmake_link_script CMakeFiles/cmTC_48623.dir/link.txt --verbose=1
/home/gluck/.local/bin/c++       CMakeFiles/cmTC_48623.dir/testCXXCompiler.cxx.o  -o cmTC_48623 
gmake[1]: выход из каталога «/home/gluck/qwe/build/CMakeFiles/CMakeTmp»


Detecting CXX compiler ABI info compiled with the following output:
Change Dir: /home/gluck/qwe/build/CMakeFiles/CMakeTmp

Run Build Command:"/usr/bin/gmake" "cmTC_623f6/fast"
/usr/bin/gmake -f CMakeFiles/cmTC_623f6.dir/build.make CMakeFiles/cmTC_623f6.dir/build
gmake[1]: вход в каталог «/home/gluck/qwe/build/CMakeFiles/CMakeTmp»
Building CXX object CMakeFiles/cmTC_623f6.dir/CMakeCXXCompilerABI.cpp.o
/home/gluck/.local/bin/c++     -o CMakeFiles/cmTC_623f6.dir/CMakeCXXCompilerABI.cpp.o -c /usr/share/cmake/Modules/CMakeCXXCompilerABI.cpp
Linking CXX executable cmTC_623f6
/usr/bin/cmake -E cmake_link_script CMakeFiles/cmTC_623f6.dir/link.txt --verbose=1
/home/gluck/.local/bin/c++      -v CMakeFiles/cmTC_623f6.dir/CMakeCXXCompilerABI.cpp.o  -o cmTC_623f6 
Используются внутренние спецификации.
COLLECT_GCC=/home/gluck/.local/bin/c++
COLLECT_LTO_WRAPPER=/home/gluck/.local/libexec/gcc/x86_64-pc-linux-gnu/8.3.0/lto-wrapper
Целевая архитектура: x86_64-pc-linux-gnu
Параметры конфигурации: ../gcc-8.3.0/configure --enable-languages=c,c++ --disable-multilib --prefix=/home/gluck/.local
Модель многопоточности: posix
gcc версия 8.3.0 (GCC) 
COMPILER_PATH=/home/gluck/.local/libexec/gcc/x86_64-pc-linux-gnu/8.3.0/:/home/gluck/.local/libexec/gcc/x86_64-pc-linux-gnu/8.3.0/:/home/gluck/.local/libexec/gcc/x86_64-pc-linux-gnu/:/home/gluck/.local/lib/gcc/x86_64-pc-linux-gnu/8.3.0/:/home/gluck/.local/lib/gcc/x86_64-pc-linux-gnu/
LIBRARY_PATH=/home/gluck/.local/lib/gcc/x86_64-pc-linux-gnu/8.3.0/:/home/gluck/.local/lib/gcc/x86_64-pc-linux-gnu/8.3.0/../../../../lib64/:/lib/../lib64/:/usr/lib/../lib64/:/home/gluck/.local/lib/gcc/x86_64-pc-linux-gnu/8.3.0/../../../:/lib/:/usr/lib/
COLLECT_GCC_OPTIONS='-v' '-o' 'cmTC_623f6' '-shared-libgcc' '-mtune=generic' '-march=x86-64'
 /home/gluck/.local/libexec/gcc/x86_64-pc-linux-gnu/8.3.0/collect2 -plugin /home/gluck/.local/libexec/gcc/x86_64-pc-linux-gnu/8.3.0/liblto_plugin.so -plugin-opt=/home/gluck/.local/libexec/gcc/x86_64-pc-linux-gnu/8.3.0/lto-wrapper -plugin-opt=-fresolution=/tmp/cc97Uaai.res -plugin-opt=-pass-through=-lgcc_s -plugin-opt=-pass-through=-lgcc -plugin-opt=-pass-through=-lc -plugin-opt=-pass-through=-lgcc_s -plugin-opt=-pass-through=-lgcc --eh-frame-hdr -m elf_x86_64 -dynamic-linker /lib64/ld-linux-x86-64.so.2 -o cmTC_623f6 /lib/../lib64/crt1.o /lib/../lib64/crti.o /home/gluck/.local/lib/gcc/x86_64-pc-linux-gnu/8.3.0/crtbegin.o -L/home/gluck/.local/lib/gcc/x86_64-pc-linux-gnu/8.3.0 -L/home/gluck/.local/lib/gcc/x86_64-pc-linux-gnu/8.3.0/../../../../lib64 -L/lib/../lib64 -L/usr/lib/../lib64 -L/home/gluck/.local/lib/gcc/x86_64-pc-linux-gnu/8.3.0/../../.. CMakeFiles/cmTC_623f6.dir/CMakeCXXCompilerABI.cpp.o -lstdc++ -lm -lgcc_s -lgcc -lc -lgcc_s -lgcc /home/gluck/.local/lib/gcc/x86_64-pc-linux-gnu/8.3.0/crtend.o /lib/../lib64/crtn.o
COLLECT_GCC_OPTIONS='-v' '-o' 'cmTC_623f6' '-shared-libgcc' '-mtune=generic' '-march=x86-64'
gmake[1]: выход из каталога «/home/gluck/qwe/build/CMakeFiles/CMakeTmp»


Parsed CXX implicit link information from above output:
  link line regex: [^( *|.*[/\])(ld|CMAKE_LINK_STARTFILE-NOTFOUND|([^/\]+-)?ld|collect2)[^/\]*( |$)]
  ignore line: [Change Dir: /home/gluck/qwe/build/CMakeFiles/CMakeTmp]
  ignore line: []
  ignore line: [Run Build Command:"/usr/bin/gmake" "cmTC_623f6/fast"]
  ignore line: [/usr/bin/gmake -f CMakeFiles/cmTC_623f6.dir/build.make CMakeFiles/cmTC_623f6.dir/build]
  ignore line: [gmake[1]: вход в каталог «/home/gluck/qwe/build/CMakeFiles/CMakeTmp»]
  ignore line: [Building CXX object CMakeFiles/cmTC_623f6.dir/CMakeCXXCompilerABI.cpp.o]
  ignore line: [/home/gluck/.local/bin/c++     -o CMakeFiles/cmTC_623f6.dir/CMakeCXXCompilerABI.cpp.o -c /usr/share/cmake/Modules/CMakeCXXCompilerABI.cpp]
  ignore line: [Linking CXX executable cmTC_623f6]
  ignore line: [/usr/bin/cmake -E cmake_link_script CMakeFiles/cmTC_623f6.dir/link.txt --verbose=1]
  ignore line: [/home/gluck/.local/bin/c++      -v CMakeFiles/cmTC_623f6.dir/CMakeCXXCompilerABI.cpp.o  -o cmTC_623f6 ]
  ignore line: [Используются внутренние спецификации.]
  ignore line: [COLLECT_GCC=/home/gluck/.local/bin/c++]
  ignore line: [COLLECT_LTO_WRAPPER=/home/gluck/.local/libexec/gcc/x86_64-pc-linux-gnu/8.3.0/lto-wrapper]
  ignore line: [Целевая архитектура: x86_64-pc-linux-gnu]
  ignore line: [Параметры конфигурации: ../gcc-8.3.0/configure --enable-languages=c,c++ --disable-multilib --prefix=/home/gluck/.local]
  ignore line: [Модель многопоточности: posix]
  ignore line: [gcc версия 8.3.0 (GCC) ]
  ignore line: [COMPILER_PATH=/home/gluck/.local/libexec/gcc/x86_64-pc-linux-gnu/8.3.0/:/home/gluck/.local/libexec/gcc/x86_64-pc-linux-gnu/8.3.0/:/home/gluck/.local/libexec/gcc/x86_64-pc-linux-gnu/:/home/gluck/.local/lib/gcc/x86_64-pc-linux-gnu/8.3.0/:/home/gluck/.local/lib/gcc/x86_64-pc-linux-gnu/]
  ignore line: [LIBRARY_PATH=/home/gluck/.local/lib/gcc/x86_64-pc-linux-gnu/8.3.0/:/home/gluck/.local/lib/gcc/x86_64-pc-linux-gnu/8.3.0/../../../../lib64/:/lib/../lib64/:/usr/lib/../lib64/:/home/gluck/.local/lib/gcc/x86_64-pc-linux-gnu/8.3.0/../../../:/lib/:/usr/lib/]
  ignore line: [COLLECT_GCC_OPTIONS='-v' '-o' 'cmTC_623f6' '-shared-libgcc' '-mtune=generic' '-march=x86-64']
  link line: [ /home/gluck/.local/libexec/gcc/x86_64-pc-linux-gnu/8.3.0/collect2 -plugin /home/gluck/.local/libexec/gcc/x86_64-pc-linux-gnu/8.3.0/liblto_plugin.so -plugin-opt=/home/gluck/.local/libexec/gcc/x86_64-pc-linux-gnu/8.3.0/lto-wrapper -plugin-opt=-fresolution=/tmp/cc97Uaai.res -plugin-opt=-pass-through=-lgcc_s -plugin-opt=-pass-through=-lgcc -plugin-opt=-pass-through=-lc -plugin-opt=-pass-through=-lgcc_s -plugin-opt=-pass-through=-lgcc --eh-frame-hdr -m elf_x86_64 -dynamic-linker /lib64/ld-linux-x86-64.so.2 -o cmTC_623f6 /lib/../lib64/crt1.o /lib/../lib64/crti.o /home/gluck/.local/lib/gcc/x86_64-pc-linux-gnu/8.3.0/crtbegin.o -L/home/gluck/.local/lib/gcc/x86_64-pc-linux-gnu/8.3.0 -L/home/gluck/.local/lib/gcc/x86_64-pc-linux-gnu/8.3.0/../../../../lib64 -L/lib/../lib64 -L/usr/lib/../lib64 -L/home/gluck/.local/lib/gcc/x86_64-pc-linux-gnu/8.3.0/../../.. CMakeFiles/cmTC_623f6.dir/CMakeCXXCompilerABI.cpp.o -lstdc++ -lm -lgcc_s -lgcc -lc -lgcc_s -lgcc /home/gluck/.local/lib/gcc/x86_64-pc-linux-gnu/8.3.0/crtend.o /lib/../lib64/crtn.o]
    arg [/home/gluck/.local/libexec/gcc/x86_64-pc-linux-gnu/8.3.0/collect2] ==> ignore
    arg [-plugin] ==> ignore
    arg [/home/gluck/.local/libexec/gcc/x86_64-pc-linux-gnu/8.3.0/liblto_plugin.so] ==> ignore
    arg [-plugin-opt=/home/gluck/.local/libexec/gcc/x86_64-pc-linux-gnu/8.3.0/lto-wrapper] ==> ignore
    arg [-plugin-opt=-fresolution=/tmp/cc97Uaai.res] ==> ignore
    arg [-plugin-opt=-pass-through=-lgcc_s] ==> ignore
    arg [-plugin-opt=-pass-through=-lgcc] ==> ignore
    arg [-plugin-opt=-pass-through=-lc] ==> ignore
    arg [-plugin-opt=-pass-through=-lgcc_s] ==> ignore
    arg [-plugin-opt=-pass-through=-lgcc] ==> ignore
    arg [--eh-frame-hdr] ==> ignore
    arg [-m] ==> ignore
    arg [elf_x86_64] ==> ignore
    arg [-dynamic-linker] ==> ignore
    arg [/lib64/ld-linux-x86-64.so.2] ==> ignore
    arg [-o] ==> ignore
    arg [cmTC_623f6] ==> ignore
    arg [/lib/../lib64/crt1.o] ==> ignore
    arg [/lib/../lib64/crti.o] ==> ignore
    arg [/home/gluck/.local/lib/gcc/x86_64-pc-linux-gnu/8.3.0/crtbegin.o] ==> ignore
    arg [-L/home/gluck/.local/lib/gcc/x86_64-pc-linux-gnu/8.3.0] ==> dir [/home/gluck/.local/lib/gcc/x86_64-pc-linux-gnu/8.3.0]
    arg [-L/home/gluck/.local/lib/gcc/x86_64-pc-linux-gnu/8.3.0/../../../../lib64] ==> dir [/home/gluck/.local/lib/gcc/x86_64-pc-linux-gnu/8.3.0/../../../../lib64]
    arg [-L/lib/../lib64] ==> dir [/lib/../lib64]
    arg [-L/usr/lib/../lib64] ==> dir [/usr/lib/../lib64]
    arg [-L/home/gluck/.local/lib/gcc/x86_64-pc-linux-gnu/8.3.0/../../..] ==> dir [/home/gluck/.local/lib/gcc/x86_64-pc-linux-gnu/8.3.0/../../..]
    arg [CMakeFiles/cmTC_623f6.dir/CMakeCXXCompilerABI.cpp.o] ==> ignore
    arg [-lstdc++] ==> lib [stdc++]
    arg [-lm] ==> lib [m]
    arg [-lgcc_s] ==> lib [gcc_s]
    arg [-lgcc] ==> lib [gcc]
    arg [-lc] ==> lib [c]
    arg [-lgcc_s] ==> lib [gcc_s]
    arg [-lgcc] ==> lib [gcc]
    arg [/home/gluck/.local/lib/gcc/x86_64-pc-linux-gnu/8.3.0/crtend.o] ==> ignore
    arg [/lib/../lib64/crtn.o] ==> ignore
  collapse library dir [/home/gluck/.local/lib/gcc/x86_64-pc-linux-gnu/8.3.0] ==> [/home/gluck/.local/lib/gcc/x86_64-pc-linux-gnu/8.3.0]
  collapse library dir [/home/gluck/.local/lib/gcc/x86_64-pc-linux-gnu/8.3.0/../../../../lib64] ==> [/home/gluck/.local/lib64]
  collapse library dir [/lib/../lib64] ==> [/lib64]
  collapse library dir [/usr/lib/../lib64] ==> [/usr/lib64]
  collapse library dir [/home/gluck/.local/lib/gcc/x86_64-pc-linux-gnu/8.3.0/../../..] ==> [/home/gluck/.local/lib]
  implicit libs: [stdc++;m;gcc_s;gcc;c;gcc_s;gcc]
  implicit dirs: [/home/gluck/.local/lib/gcc/x86_64-pc-linux-gnu/8.3.0;/home/gluck/.local/lib64;/lib64;/usr/lib64;/home/gluck/.local/lib]
  implicit fwks: []




Detecting CXX [-std=c++2a] compiler features compiled with the following output:
Change Dir: /home/gluck/qwe/build/CMakeFiles/CMakeTmp

Run Build Command:"/usr/bin/gmake" "cmTC_7d177/fast"
/usr/bin/gmake -f CMakeFiles/cmTC_7d177.dir/build.make CMakeFiles/cmTC_7d177.dir/build
gmake[1]: вход в каталог «/home/gluck/qwe/build/CMakeFiles/CMakeTmp»
Building CXX object CMakeFiles/cmTC_7d177.dir/feature_tests.cxx.o
/home/gluck/.local/bin/c++    -std=c++2a -o CMakeFiles/cmTC_7d177.dir/feature_tests.cxx.o -c /home/gluck/qwe/build/CMakeFiles/feature_tests.cxx
Linking CXX executable cmTC_7d177
/usr/bin/cmake -E cmake_link_script CMakeFiles/cmTC_7d177.dir/link.txt --verbose=1
/home/gluck/.local/bin/c++       CMakeFiles/cmTC_7d177.dir/feature_tests.cxx.o  -o cmTC_7d177 
gmake[1]: выход из каталога «/home/gluck/qwe/build/CMakeFiles/CMakeTmp»


    Feature record: CXX_FEATURE:1cxx_aggregate_default_initializers
    Feature record: CXX_FEATURE:1cxx_alias_templates
    Feature record: CXX_FEATURE:1cxx_alignas
    Feature record: CXX_FEATURE:1cxx_alignof
    Feature record: CXX_FEATURE:1cxx_attributes
    Feature record: CXX_FEATURE:1cxx_attribute_deprecated
    Feature record: CXX_FEATURE:1cxx_auto_type
    Feature record: CXX_FEATURE:1cxx_binary_literals
    Feature record: CXX_FEATURE:1cxx_constexpr
    Feature record: CXX_FEATURE:1cxx_contextual_conversions
    Feature record: CXX_FEATURE:1cxx_decltype
    Feature record: CXX_FEATURE:1cxx_decltype_auto
    Feature record: CXX_FEATURE:1cxx_decltype_incomplete_return_types
    Feature record: CXX_FEATURE:1cxx_default_function_template_args
    Feature record: CXX_FEATURE:1cxx_defaulted_functions
    Feature record: CXX_FEATURE:1cxx_defaulted_move_initializers
    Feature record: CXX_FEATURE:1cxx_delegating_constructors
    Feature record: CXX_FEATURE:1cxx_deleted_functions
    Feature record: CXX_FEATURE:1cxx_digit_separators
    Feature record: CXX_FEATURE:1cxx_enum_forward_declarations
    Feature record: CXX_FEATURE:1cxx_explicit_conversions
    Feature record: CXX_FEATURE:1cxx_extended_friend_declarations
    Feature record: CXX_FEATURE:1cxx_extern_templates
    Feature record: CXX_FEATURE:1cxx_final
    Feature record: CXX_FEATURE:1cxx_func_identifier
    Feature record: CXX_FEATURE:1cxx_generalized_initializers
    Feature record: CXX_FEATURE:1cxx_generic_lambdas
    Feature record: CXX_FEATURE:1cxx_inheriting_constructors
    Feature record: CXX_FEATURE:1cxx_inline_namespaces
    Feature record: CXX_FEATURE:1cxx_lambdas
    Feature record: CXX_FEATURE:1cxx_lambda_init_captures
    Feature record: CXX_FEATURE:1cxx_local_type_template_args
    Feature record: CXX_FEATURE:1cxx_long_long_type
    Feature record: CXX_FEATURE:1cxx_noexcept
    Feature record: CXX_FEATURE:1cxx_nonstatic_member_init
    Feature record: CXX_FEATURE:1cxx_nullptr
    Feature record: CXX_FEATURE:1cxx_override
    Feature record: CXX_FEATURE:1cxx_range_for
    Feature record: CXX_FEATURE:1cxx_raw_string_literals
    Feature record: CXX_FEATURE:1cxx_reference_qualified_functions
    Feature record: CXX_FEATURE:1cxx_relaxed_constexpr
    Feature record: CXX_FEATURE:1cxx_return_type_deduction
    Feature record: CXX_FEATURE:1cxx_right_angle_brackets
    Feature record: CXX_FEATURE:1cxx_rvalue_references
    Feature record: CXX_FEATURE:1cxx_sizeof_member
    Feature record: CXX_FEATURE:1cxx_static_assert
    Feature record: CXX_FEATURE:1cxx_strong_enums
    Feature record: CXX_FEATURE:1cxx_template_template_parameters
    Feature record: CXX_FEATURE:1cxx_thread_local
    Feature record: CXX_FEATURE:1cxx_trailing_return_types
    Feature record: CXX_FEATURE:1cxx_unicode_literals
    Feature record: CXX_FEATURE:1cxx_uniform_initialization
    Feature record: CXX_FEATURE:1cxx_unrestricted_unions
    Feature record: CXX_FEATURE:1cxx_user_literals
    Feature record: CXX_FEATURE:1cxx_variable_templates
    Feature record: CXX_FEATURE:1cxx_variadic_macros
    Feature record: CXX_FEATURE:1cxx_variadic_templates


Detecting CXX [-std=c++17] compiler features compiled with the following output:
Change Dir: /home/gluck/qwe/build/CMakeFiles/CMakeTmp

Run Build Command:"/usr/bin/gmake" "cmTC_82722/fast"
/usr/bin/gmake -f CMakeFiles/cmTC_82722.dir/build.make CMakeFiles/cmTC_82722.dir/build
gmake[1]: вход в каталог «/home/gluck/qwe/build/CMakeFiles/CMakeTmp»
Building CXX object CMakeFiles/cmTC_82722.dir/feature_tests.cxx.o
/home/gluck/.local/bin/c++    -std=c++17 -o CMakeFiles/cmTC_82722.dir/feature_tests.cxx.o -c /home/gluck/qwe/build/CMakeFiles/feature_tests.cxx
Linking CXX executable cmTC_82722
/usr/bin/cmake -E cmake_link_script CMakeFiles/cmTC_82722.dir/link.txt --verbose=1
/home/gluck/.local/bin/c++       CMakeFiles/cmTC_82722.dir/feature_tests.cxx.o  -o cmTC_82722 
gmake[1]: выход из каталога «/home/gluck/qwe/build/CMakeFiles/CMakeTmp»


    Feature record: CXX_FEATURE:1cxx_aggregate_default_initializers
    Feature record: CXX_FEATURE:1cxx_alias_templates
    Feature record: CXX_FEATURE:1cxx_alignas
    Feature record: CXX_FEATURE:1cxx_alignof
    Feature record: CXX_FEATURE:1cxx_attributes
    Feature record: CXX_FEATURE:1cxx_attribute_deprecated
    Feature record: CXX_FEATURE:1cxx_auto_type
    Feature record: CXX_FEATURE:1cxx_binary_literals
    Feature record: CXX_FEATURE:1cxx_constexpr
    Feature record: CXX_FEATURE:1cxx_contextual_conversions
    Feature record: CXX_FEATURE:1cxx_decltype
    Feature record: CXX_FEATURE:1cxx_decltype_auto
    Feature record: CXX_FEATURE:1cxx_decltype_incomplete_return_types
    Feature record: CXX_FEATURE:1cxx_default_function_template_args
    Feature record: CXX_FEATURE:1cxx_defaulted_functions
    Feature record: CXX_FEATURE:1cxx_defaulted_move_initializers
    Feature record: CXX_FEATURE:1cxx_delegating_constructors
    Feature record: CXX_FEATURE:1cxx_deleted_functions
    Feature record: CXX_FEATURE:1cxx_digit_separators
    Feature record: CXX_FEATURE:1cxx_enum_forward_declarations
    Feature record: CXX_FEATURE:1cxx_explicit_conversions
    Feature record: CXX_FEATURE:1cxx_extended_friend_declarations
    Feature record: CXX_FEATURE:1cxx_extern_templates
    Feature record: CXX_FEATURE:1cxx_final
    Feature record: CXX_FEATURE:1cxx_func_identifier
    Feature record: CXX_FEATURE:1cxx_generalized_initializers
    Feature record: CXX_FEATURE:1cxx_generic_lambdas
    Feature record: CXX_FEATURE:1cxx_inheriting_constructors
    Feature record: CXX_FEATURE:1cxx_inline_namespaces
    Feature record: CXX_FEATURE:1cxx_lambdas
    Feature record: CXX_FEATURE:1cxx_lambda_init_captures
    Feature record: CXX_FEATURE:1cxx_local_type_template_args
    Feature record: CXX_FEATURE:1cxx_long_long_type
    Feature record: CXX_FEATURE:1cxx_noexcept
    Feature record: CXX_FEATURE:1cxx_nonstatic_member_init
    Feature record: CXX_FEATURE:1cxx_nullptr
    Feature record: CXX_FEATURE:1cxx_override
    Feature record: CXX_FEATURE:1cxx_range_for
    Feature record: CXX_FEATURE:1cxx_raw_string_literals
    Feature record: CXX_FEATURE:1cxx_reference_qualified_functions
    Feature record: CXX_FEATURE:1cxx_relaxed_constexpr
    Feature record: CXX_FEATURE:1cxx_return_type_deduction
    Feature record: CXX_FEATURE:1cxx_right_angle_brackets
    Feature record: CXX_FEATURE:1cxx_rvalue_references
    Feature record: CXX_FEATURE:1cxx_sizeof_member
    Feature record: CXX_FEATURE:1cxx_static_assert
    Feature record: CXX_FEATURE:1cxx_strong_enums
    Feature record: CXX_FEATURE:1cxx_template_template_parameters
    Feature record: CXX_FEATURE:1cxx_thread_local
    Feature record: CXX_FEATURE:1cxx_trailing_return_types
    Feature record: CXX_FEATURE:1cxx_unicode_literals
    Feature record: CXX_FEATURE:1cxx_uniform_initialization
    Feature record: CXX_FEATURE:1cxx_unrestricted_unions
    Feature record: CXX_FEATURE:1cxx_user_literals
    Feature record: CXX_FEATURE:1cxx_variable_templates
    Feature record: CXX_FEATURE:1cxx_variadic_macros
    Feature record: CXX_FEATURE:1cxx_variadic_templates


Detecting CXX [-std=c++14] compiler features compiled with the following output:
Change Dir: /home/gluck/qwe/build/CMakeFiles/CMakeTmp

Run Build Command:"/usr/bin/gmake" "cmTC_e9c93/fast"
/usr/bin/gmake -f CMakeFiles/cmTC_e9c93.dir/build.make CMakeFiles/cmTC_e9c93.dir/build
gmake[1]: вход в каталог «/home/gluck/qwe/build/CMakeFiles/CMakeTmp»
Building CXX object CMakeFiles/cmTC_e9c93.dir/feature_tests.cxx.o
/home/gluck/.local/bin/c++    -std=c++14 -o CMakeFiles/cmTC_e9c93.dir/feature_tests.cxx.o -c /home/gluck/qwe/build/CMakeFiles/feature_tests.cxx
Linking CXX executable cmTC_e9c93
/usr/bin/cmake -E cmake_link_script CMakeFiles/cmTC_e9c93.dir/link.txt --verbose=1
/home/gluck/.local/bin/c++       CMakeFiles/cmTC_e9c93.dir/feature_tests.cxx.o  -o cmTC_e9c93 
gmake[1]: выход из каталога «/home/gluck/qwe/build/CMakeFiles/CMakeTmp»


    Feature record: CXX_FEATURE:1cxx_aggregate_default_initializers
    Feature record: CXX_FEATURE:1cxx_alias_templates
    Feature record: CXX_FEATURE:1cxx_alignas
    Feature record: CXX_FEATURE:1cxx_alignof
    Feature record: CXX_FEATURE:1cxx_attributes
    Feature record: CXX_FEATURE:1cxx_attribute_deprecated
    Feature record: CXX_FEATURE:1cxx_auto_type
    Feature record: CXX_FEATURE:1cxx_binary_literals
    Feature record: CXX_FEATURE:1cxx_constexpr
    Feature record: CXX_FEATURE:1cxx_contextual_conversions
    Feature record: CXX_FEATURE:1cxx_decltype
    Feature record: CXX_FEATURE:1cxx_decltype_auto
    Feature record: CXX_FEATURE:1cxx_decltype_incomplete_return_types
    Feature record: CXX_FEATURE:1cxx_default_function_template_args
    Feature record: CXX_FEATURE:1cxx_defaulted_functions
    Feature record: CXX_FEATURE:1cxx_defaulted_move_initializers
    Feature record: CXX_FEATURE:1cxx_delegating_constructors
    Feature record: CXX_FEATURE:1cxx_deleted_functions
    Feature record: CXX_FEATURE:1cxx_digit_separators
    Feature record: CXX_FEATURE:1cxx_enum_forward_declarations
    Feature record: CXX_FEATURE:1cxx_explicit_conversions
    Feature record: CXX_FEATURE:1cxx_extended_friend_declarations
    Feature record: CXX_FEATURE:1cxx_extern_templates
    Feature record: CXX_FEATURE:1cxx_final
    Feature record: CXX_FEATURE:1cxx_func_identifier
    Feature record: CXX_FEATURE:1cxx_generalized_initializers
    Feature record: CXX_FEATURE:1cxx_generic_lambdas
    Feature record: CXX_FEATURE:1cxx_inheriting_constructors
    Feature record: CXX_FEATURE:1cxx_inline_namespaces
    Feature record: CXX_FEATURE:1cxx_lambdas
    Feature record: CXX_FEATURE:1cxx_lambda_init_captures
    Feature record: CXX_FEATURE:1cxx_local_type_template_args
    Feature record: CXX_FEATURE:1cxx_long_long_type
    Feature record: CXX_FEATURE:1cxx_noexcept
    Feature record: CXX_FEATURE:1cxx_nonstatic_member_init
    Feature record: CXX_FEATURE:1cxx_nullptr
    Feature record: CXX_FEATURE:1cxx_override
    Feature record: CXX_FEATURE:1cxx_range_for
    Feature record: CXX_FEATURE:1cxx_raw_string_literals
    Feature record: CXX_FEATURE:1cxx_reference_qualified_functions
    Feature record: CXX_FEATURE:1cxx_relaxed_constexpr
    Feature record: CXX_FEATURE:1cxx_return_type_deduction
    Feature record: CXX_FEATURE:1cxx_right_angle_brackets
    Feature record: CXX_FEATURE:1cxx_rvalue_references
    Feature record: CXX_FEATURE:1cxx_sizeof_member
    Feature record: CXX_FEATURE:1cxx_static_assert
    Feature record: CXX_FEATURE:1cxx_strong_enums
    Feature record: CXX_FEATURE:1cxx_template_template_parameters
    Feature record: CXX_FEATURE:1cxx_thread_local
    Feature record: CXX_FEATURE:1cxx_trailing_return_types
    Feature record: CXX_FEATURE:1cxx_unicode_literals
    Feature record: CXX_FEATURE:1cxx_uniform_initialization
    Feature record: CXX_FEATURE:1cxx_unrestricted_unions
    Feature record: CXX_FEATURE:1cxx_user_literals
    Feature record: CXX_FEATURE:1cxx_variable_templates
    Feature record: CXX_FEATURE:1cxx_variadic_macros
    Feature record: CXX_FEATURE:1cxx_variadic_templates


Detecting CXX [-std=c++11] compiler features compiled with the following output:
Change Dir: /home/gluck/qwe/build/CMakeFiles/CMakeTmp

Run Build Command:"/usr/bin/gmake" "cmTC_8a447/fast"
/usr/bin/gmake -f CMakeFiles/cmTC_8a447.dir/build.make CMakeFiles/cmTC_8a447.dir/build
gmake[1]: вход в каталог «/home/gluck/qwe/build/CMakeFiles/CMakeTmp»
Building CXX object CMakeFiles/cmTC_8a447.dir/feature_tests.cxx.o
/home/gluck/.local/bin/c++    -std=c++11 -o CMakeFiles/cmTC_8a447.dir/feature_tests.cxx.o -c /home/gluck/qwe/build/CMakeFiles/feature_tests.cxx
Linking CXX executable cmTC_8a447
/usr/bin/cmake -E cmake_link_script CMakeFiles/cmTC_8a447.dir/link.txt --verbose=1
/home/gluck/.local/bin/c++       CMakeFiles/cmTC_8a447.dir/feature_tests.cxx.o  -o cmTC_8a447 
gmake[1]: выход из каталога «/home/gluck/qwe/build/CMakeFiles/CMakeTmp»


    Feature record: CXX_FEATURE:0cxx_aggregate_default_initializers
    Feature record: CXX_FEATURE:1cxx_alias_templates
    Feature record: CXX_FEATURE:1cxx_alignas
    Feature record: CXX_FEATURE:1cxx_alignof
    Feature record: CXX_FEATURE:1cxx_attributes
    Feature record: CXX_FEATURE:0cxx_attribute_deprecated
    Feature record: CXX_FEATURE:1cxx_auto_type
    Feature record: CXX_FEATURE:0cxx_binary_literals
    Feature record: CXX_FEATURE:1cxx_constexpr
    Feature record: CXX_FEATURE:0cxx_contextual_conversions
    Feature record: CXX_FEATURE:1cxx_decltype
    Feature record: CXX_FEATURE:0cxx_decltype_auto
    Feature record: CXX_FEATURE:1cxx_decltype_incomplete_return_types
    Feature record: CXX_FEATURE:1cxx_default_function_template_args
    Feature record: CXX_FEATURE:1cxx_defaulted_functions
    Feature record: CXX_FEATURE:1cxx_defaulted_move_initializers
    Feature record: CXX_FEATURE:1cxx_delegating_constructors
    Feature record: CXX_FEATURE:1cxx_deleted_functions
    Feature record: CXX_FEATURE:0cxx_digit_separators
    Feature record: CXX_FEATURE:1cxx_enum_forward_declarations
    Feature record: CXX_FEATURE:1cxx_explicit_conversions
    Feature record: CXX_FEATURE:1cxx_extended_friend_declarations
    Feature record: CXX_FEATURE:1cxx_extern_templates
    Feature record: CXX_FEATURE:1cxx_final
    Feature record: CXX_FEATURE:1cxx_func_identifier
    Feature record: CXX_FEATURE:1cxx_generalized_initializers
    Feature record: CXX_FEATURE:0cxx_generic_lambdas
    Feature record: CXX_FEATURE:1cxx_inheriting_constructors
    Feature record: CXX_FEATURE:1cxx_inline_namespaces
    Feature record: CXX_FEATURE:1cxx_lambdas
    Feature record: CXX_FEATURE:0cxx_lambda_init_captures
    Feature record: CXX_FEATURE:1cxx_local_type_template_args
    Feature record: CXX_FEATURE:1cxx_long_long_type
    Feature record: CXX_FEATURE:1cxx_noexcept
    Feature record: CXX_FEATURE:1cxx_nonstatic_member_init
    Feature record: CXX_FEATURE:1cxx_nullptr
    Feature record: CXX_FEATURE:1cxx_override
    Feature record: CXX_FEATURE:1cxx_range_for
    Feature record: CXX_FEATURE:1cxx_raw_string_literals
    Feature record: CXX_FEATURE:1cxx_reference_qualified_functions
    Feature record: CXX_FEATURE:0cxx_relaxed_constexpr
    Feature record: CXX_FEATURE:0cxx_return_type_deduction
    Feature record: CXX_FEATURE:1cxx_right_angle_brackets
    Feature record: CXX_FEATURE:1cxx_rvalue_references
    Feature record: CXX_FEATURE:1cxx_sizeof_member
    Feature record: CXX_FEATURE:1cxx_static_assert
    Feature record: CXX_FEATURE:1cxx_strong_enums
    Feature record: CXX_FEATURE:1cxx_template_template_parameters
    Feature record: CXX_FEATURE:1cxx_thread_local
    Feature record: CXX_FEATURE:1cxx_trailing_return_types
    Feature record: CXX_FEATURE:1cxx_unicode_literals
    Feature record: CXX_FEATURE:1cxx_uniform_initialization
    Feature record: CXX_FEATURE:1cxx_unrestricted_unions
    Feature record: CXX_FEATURE:1cxx_user_literals
    Feature record: CXX_FEATURE:0cxx_variable_templates
    Feature record: CXX_FEATURE:1cxx_variadic_macros
    Feature record: CXX_FEATURE:1cxx_variadic_templates


Detecting CXX [-std=c++98] compiler features compiled with the following output:
Change Dir: /home/gluck/qwe/build/CMakeFiles/CMakeTmp

Run Build Command:"/usr/bin/gmake" "cmTC_2384e/fast"
/usr/bin/gmake -f CMakeFiles/cmTC_2384e.dir/build.make CMakeFiles/cmTC_2384e.dir/build
gmake[1]: вход в каталог «/home/gluck/qwe/build/CMakeFiles/CMakeTmp»
Building CXX object CMakeFiles/cmTC_2384e.dir/feature_tests.cxx.o
/home/gluck/.local/bin/c++    -std=c++98 -o CMakeFiles/cmTC_2384e.dir/feature_tests.cxx.o -c /home/gluck/qwe/build/CMakeFiles/feature_tests.cxx
Linking CXX executable cmTC_2384e
/usr/bin/cmake -E cmake_link_script CMakeFiles/cmTC_2384e.dir/link.txt --verbose=1
/home/gluck/.local/bin/c++       CMakeFiles/cmTC_2384e.dir/feature_tests.cxx.o  -o cmTC_2384e 
gmake[1]: выход из каталога «/home/gluck/qwe/build/CMakeFiles/CMakeTmp»


    Feature record: CXX_FEATURE:0cxx_aggregate_default_initializers
    Feature record: CXX_FEATURE:0cxx_alias_templates
    Feature record: CXX_FEATURE:0cxx_alignas
    Feature record: CXX_FEATURE:0cxx_alignof
    Feature record: CXX_FEATURE:0cxx_attributes
    Feature record: CXX_FEATURE:0cxx_attribute_deprecated
    Feature record: CXX_FEATURE:0cxx_auto_type
    Feature record: CXX_FEATURE:0cxx_binary_literals
    Feature record: CXX_FEATURE:0cxx_constexpr
    Feature record: CXX_FEATURE:0cxx_contextual_conversions
    Feature record: CXX_FEATURE:0cxx_decltype
    Feature record: CXX_FEATURE:0cxx_decltype_auto
    Feature record: CXX_FEATURE:0cxx_decltype_incomplete_return_types
    Feature record: CXX_FEATURE:0cxx_default_function_template_args
    Feature record: CXX_FEATURE:0cxx_defaulted_functions
    Feature record: CXX_FEATURE:0cxx_defaulted_move_initializers
    Feature record: CXX_FEATURE:0cxx_delegating_constructors
    Feature record: CXX_FEATURE:0cxx_deleted_functions
    Feature record: CXX_FEATURE:0cxx_digit_separators
    Feature record: CXX_FEATURE:0cxx_enum_forward_declarations
    Feature record: CXX_FEATURE:0cxx_explicit_conversions
    Feature record: CXX_FEATURE:0cxx_extended_friend_declarations
    Feature record: CXX_FEATURE:0cxx_extern_templates
    Feature record: CXX_FEATURE:0cxx_final
    Feature record: CXX_FEATURE:0cxx_func_identifier
    Feature record: CXX_FEATURE:0cxx_generalized_initializers
    Feature record: CXX_FEATURE:0cxx_generic_lambdas
    Feature record: CXX_FEATURE:0cxx_inheriting_constructors
    Feature record: CXX_FEATURE:0cxx_inline_namespaces
    Feature record: CXX_FEATURE:0cxx_lambdas
    Feature record: CXX_FEATURE:0cxx_lambda_init_captures
    Feature record: CXX_FEATURE:0cxx_local_type_template_args
    Feature record: CXX_FEATURE:0cxx_long_long_type
    Feature record: CXX_FEATURE:0cxx_noexcept
    Feature record: CXX_FEATURE:0cxx_nonstatic_member_init
    Feature record: CXX_FEATURE:0cxx_nullptr
    Feature record: CXX_FEATURE:0cxx_override
    Feature record: CXX_FEATURE:0cxx_range_for
    Feature record: CXX_FEATURE:0cxx_raw_string_literals
    Feature record: CXX_FEATURE:0cxx_reference_qualified_functions
    Feature record: CXX_FEATURE:0cxx_relaxed_constexpr
    Feature record: CXX_FEATURE:0cxx_return_type_deduction
    Feature record: CXX_FEATURE:0cxx_right_angle_brackets
    Feature record: CXX_FEATURE:0cxx_rvalue_references
    Feature record: CXX_FEATURE:0cxx_sizeof_member
    Feature record: CXX_FEATURE:0cxx_static_assert
    Feature record: CXX_FEATURE:0cxx_strong_enums
    Feature record: CXX_FEATURE:1cxx_template_template_parameters
    Feature record: CXX_FEATURE:0cxx_thread_local
    Feature record: CXX_FEATURE:0cxx_trailing_return_types
    Feature record: CXX_FEATURE:0cxx_unicode_literals
    Feature record: CXX_FEATURE:0cxx_uniform_initialization
    Feature record: CXX_FEATURE:0cxx_unrestricted_unions
    Feature record: CXX_FEATURE:0cxx_user_literals
    Feature record: CXX_FEATURE:0cxx_variable_templates
    Feature record: CXX_FEATURE:0cxx_variadic_macros
    Feature record: CXX_FEATURE:0cxx_variadic_templates
Compiling the C compiler identification source file "CMakeCCompilerId.c" succeeded.
Compiler: /home/gluck/.local/bin/gcc 
Build flags: 
Id flags:  

The output was:
0


Compilation of the C compiler identification source "CMakeCCompilerId.c" produced "a.out"

The C compiler identification is GNU, found in "/home/gluck/qwe/build/CMakeFiles/3.12.1/CompilerIdC/a.out"

Determining if the C compiler works passed with the following output:
Change Dir: /home/gluck/qwe/build/CMakeFiles/CMakeTmp

Run Build Command:"/usr/bin/gmake" "cmTC_852c2/fast"
/usr/bin/gmake -f CMakeFiles/cmTC_852c2.dir/build.make CMakeFiles/cmTC_852c2.dir/build
gmake[1]: вход в каталог «/home/gluck/qwe/build/CMakeFiles/CMakeTmp»
Building C object CMakeFiles/cmTC_852c2.dir/testCCompiler.c.o
/home/gluck/.local/bin/gcc    -o CMakeFiles/cmTC_852c2.dir/testCCompiler.c.o   -c /home/gluck/qwe/build/CMakeFiles/CMakeTmp/testCCompiler.c
Linking C executable cmTC_852c2
/usr/bin/cmake -E cmake_link_script CMakeFiles/cmTC_852c2.dir/link.txt --verbose=1
/home/gluck/.local/bin/gcc      CMakeFiles/cmTC_852c2.dir/testCCompiler.c.o  -o cmTC_852c2 
gmake[1]: выход из каталога «/home/gluck/qwe/build/CMakeFiles/CMakeTmp»


Detecting C compiler ABI info compiled with the following output:
Change Dir: /home/gluck/qwe/build/CMakeFiles/CMakeTmp

Run Build Command:"/usr/bin/gmake" "cmTC_a8dca/fast"
/usr/bin/gmake -f CMakeFiles/cmTC_a8dca.dir/build.make CMakeFiles/cmTC_a8dca.dir/build
gmake[1]: вход в каталог «/home/gluck/qwe/build/CMakeFiles/CMakeTmp»
Building C object CMakeFiles/cmTC_a8dca.dir/CMakeCCompilerABI.c.o
/home/gluck/.local/bin/gcc    -o CMakeFiles/cmTC_a8dca.dir/CMakeCCompilerABI.c.o   -c /usr/share/cmake/Modules/CMakeCCompilerABI.c
Linking C executable cmTC_a8dca
/usr/bin/cmake -E cmake_link_script CMakeFiles/cmTC_a8dca.dir/link.txt --verbose=1
/home/gluck/.local/bin/gcc     -v CMakeFiles/cmTC_a8dca.dir/CMakeCCompilerABI.c.o  -o cmTC_a8dca 
Используются внутренние спецификации.
COLLECT_GCC=/home/gluck/.local/bin/gcc
COLLECT_LTO_WRAPPER=/home/gluck/.local/libexec/gcc/x86_64-pc-linux-gnu/8.3.0/lto-wrapper
Целевая архитектура: x86_64-pc-linux-gnu
Параметры конфигурации: ../gcc-8.3.0/configure --enable-languages=c,c++ --disable-multilib --prefix=/home/gluck/.local
Модель многопоточности: posix
gcc версия 8.3.0 (GCC) 
COMPILER_PATH=/home/gluck/.local/libexec/gcc/x86_64-pc-linux-gnu/8.3.0/:/home/gluck/.local/libexec/gcc/x86_64-pc-linux-gnu/8.3.0/:/home/gluck/.local/libexec/gcc/x86_64-pc-linux-gnu/:/home/gluck/.local/lib/gcc/x86_64-pc-linux-gnu/8.3.0/:/home/gluck/.local/lib/gcc/x86_64-pc-linux-gnu/
LIBRARY_PATH=/home/gluck/.local/lib/gcc/x86_64-pc-linux-gnu/8.3.0/:/home/gluck/.local/lib/gcc/x86_64-pc-linux-gnu/8.3.0/../../../../lib64/:/lib/../lib64/:/usr/lib/../lib64/:/home/gluck/.local/lib/gcc/x86_64-pc-linux-gnu/8.3.0/../../../:/lib/:/usr/lib/
COLLECT_GCC_OPTIONS='-v' '-o' 'cmTC_a8dca' '-mtune=generic' '-march=x86-64'
 /home/gluck/.local/libexec/gcc/x86_64-pc-linux-gnu/8.3.0/collect2 -plugin /home/gluck/.local/libexec/gcc/x86_64-pc-linux-gnu/8.3.0/liblto_plugin.so -plugin-opt=/home/gluck/.local/libexec/gcc/x86_64-pc-linux-gnu/8.3.0/lto-wrapper -plugin-opt=-fresolution=/tmp/ccKiG66c.res -plugin-opt=-pass-through=-lgcc -plugin-opt=-pass-through=-lgcc_s -plugin-opt=-pass-through=-lc -plugin-opt=-pass-through=-lgcc -plugin-opt=-pass-through=-lgcc_s --eh-frame-hdr -m elf_x86_64 -dynamic-linker /lib64/ld-linux-x86-64.so.2 -o cmTC_a8dca /lib/../lib64/crt1.o /lib/../lib64/crti.o /home/gluck/.local/lib/gcc/x86_64-pc-linux-gnu/8.3.0/crtbegin.o -L/home/gluck/.local/lib/gcc/x86_64-pc-linux-gnu/8.3.0 -L/home/gluck/.local/lib/gcc/x86_64-pc-linux-gnu/8.3.0/../../../../lib64 -L/lib/../lib64 -L/usr/lib/../lib64 -L/home/gluck/.local/lib/gcc/x86_64-pc-linux-gnu/8.3.0/../../.. CMakeFiles/cmTC_a8dca.dir/CMakeCCompilerABI.c.o -lgcc --as-needed -lgcc_s --no-as-needed -lc -lgcc --as-needed -lgcc_s --no-as-needed /home/gluck/.local/lib/gcc/x86_64-pc-linux-gnu/8.3.0/crtend.o /lib/../lib64/crtn.o
COLLECT_GCC_OPTIONS='-v' '-o' 'cmTC_a8dca' '-mtune=generic' '-march=x86-64'
gmake[1]: выход из каталога «/home/gluck/qwe/build/CMakeFiles/CMakeTmp»


Parsed C implicit link information from above output:
  link line regex: [^( *|.*[/\])(ld|CMAKE_LINK_STARTFILE-NOTFOUND|([^/\]+-)?ld|collect2)[^/\]*( |$)]
  ignore line: [Change Dir: /home/gluck/qwe/build/CMakeFiles/CMakeTmp]
  ignore line: []
  ignore line: [Run Build Command:"/usr/bin/gmake" "cmTC_a8dca/fast"]
  ignore line: [/usr/bin/gmake -f CMakeFiles/cmTC_a8dca.dir/build.make CMakeFiles/cmTC_a8dca.dir/build]
  ignore line: [gmake[1]: вход в каталог «/home/gluck/qwe/build/CMakeFiles/CMakeTmp»]
  ignore line: [Building C object CMakeFiles/cmTC_a8dca.dir/CMakeCCompilerABI.c.o]
  ignore line: [/home/gluck/.local/bin/gcc    -o CMakeFiles/cmTC_a8dca.dir/CMakeCCompilerABI.c.o   -c /usr/share/cmake/Modules/CMakeCCompilerABI.c]
  ignore line: [Linking C executable cmTC_a8dca]
  ignore line: [/usr/bin/cmake -E cmake_link_script CMakeFiles/cmTC_a8dca.dir/link.txt --verbose=1]
  ignore line: [/home/gluck/.local/bin/gcc     -v CMakeFiles/cmTC_a8dca.dir/CMakeCCompilerABI.c.o  -o cmTC_a8dca ]
  ignore line: [Используются внутренние спецификации.]
  ignore line: [COLLECT_GCC=/home/gluck/.local/bin/gcc]
  ignore line: [COLLECT_LTO_WRAPPER=/home/gluck/.local/libexec/gcc/x86_64-pc-linux-gnu/8.3.0/lto-wrapper]
  ignore line: [Целевая архитектура: x86_64-pc-linux-gnu]
  ignore line: [Параметры конфигурации: ../gcc-8.3.0/configure --enable-languages=c,c++ --disable-multilib --prefix=/home/gluck/.local]
  ignore line: [Модель многопоточности: posix]
  ignore line: [gcc версия 8.3.0 (GCC) ]
  ignore line: [COMPILER_PATH=/home/gluck/.local/libexec/gcc/x86_64-pc-linux-gnu/8.3.0/:/home/gluck/.local/libexec/gcc/x86_64-pc-linux-gnu/8.3.0/:/home/gluck/.local/libexec/gcc/x86_64-pc-linux-gnu/:/home/gluck/.local/lib/gcc/x86_64-pc-linux-gnu/8.3.0/:/home/gluck/.local/lib/gcc/x86_64-pc-linux-gnu/]
  ignore line: [LIBRARY_PATH=/home/gluck/.local/lib/gcc/x86_64-pc-linux-gnu/8.3.0/:/home/gluck/.local/lib/gcc/x86_64-pc-linux-gnu/8.3.0/../../../../lib64/:/lib/../lib64/:/usr/lib/../lib64/:/home/gluck/.local/lib/gcc/x86_64-pc-linux-gnu/8.3.0/../../../:/lib/:/usr/lib/]
  ignore line: [COLLECT_GCC_OPTIONS='-v' '-o' 'cmTC_a8dca' '-mtune=generic' '-march=x86-64']
  link line: [ /home/gluck/.local/libexec/gcc/x86_64-pc-linux-gnu/8.3.0/collect2 -plugin /home/gluck/.local/libexec/gcc/x86_64-pc-linux-gnu/8.3.0/liblto_plugin.so -plugin-opt=/home/gluck/.local/libexec/gcc/x86_64-pc-linux-gnu/8.3.0/lto-wrapper -plugin-opt=-fresolution=/tmp/ccKiG66c.res -plugin-opt=-pass-through=-lgcc -plugin-opt=-pass-through=-lgcc_s -plugin-opt=-pass-through=-lc -plugin-opt=-pass-through=-lgcc -plugin-opt=-pass-through=-lgcc_s --eh-frame-hdr -m elf_x86_64 -dynamic-linker /lib64/ld-linux-x86-64.so.2 -o cmTC_a8dca /lib/../lib64/crt1.o /lib/../lib64/crti.o /home/gluck/.local/lib/gcc/x86_64-pc-linux-gnu/8.3.0/crtbegin.o -L/home/gluck/.local/lib/gcc/x86_64-pc-linux-gnu/8.3.0 -L/home/gluck/.local/lib/gcc/x86_64-pc-linux-gnu/8.3.0/../../../../lib64 -L/lib/../lib64 -L/usr/lib/../lib64 -L/home/gluck/.local/lib/gcc/x86_64-pc-linux-gnu/8.3.0/../../.. CMakeFiles/cmTC_a8dca.dir/CMakeCCompilerABI.c.o -lgcc --as-needed -lgcc_s --no-as-needed -lc -lgcc --as-needed -lgcc_s --no-as-needed /home/gluck/.local/lib/gcc/x86_64-pc-linux-gnu/8.3.0/crtend.o /lib/../lib64/crtn.o]
    arg [/home/gluck/.local/libexec/gcc/x86_64-pc-linux-gnu/8.3.0/collect2] ==> ignore
    arg [-plugin] ==> ignore
    arg [/home/gluck/.local/libexec/gcc/x86_64-pc-linux-gnu/8.3.0/liblto_plugin.so] ==> ignore
    arg [-plugin-opt=/home/gluck/.local/libexec/gcc/x86_64-pc-linux-gnu/8.3.0/lto-wrapper] ==> ignore
    arg [-plugin-opt=-fresolution=/tmp/ccKiG66c.res] ==> ignore
    arg [-plugin-opt=-pass-through=-lgcc] ==> ignore
    arg [-plugin-opt=-pass-through=-lgcc_s] ==> ignore
    arg [-plugin-opt=-pass-through=-lc] ==> ignore
    arg [-plugin-opt=-pass-through=-lgcc] ==> ignore
    arg [-plugin-opt=-pass-through=-lgcc_s] ==> ignore
    arg [--eh-frame-hdr] ==> ignore
    arg [-m] ==> ignore
    arg [elf_x86_64] ==> ignore
    arg [-dynamic-linker] ==> ignore
    arg [/lib64/ld-linux-x86-64.so.2] ==> ignore
    arg [-o] ==> ignore
    arg [cmTC_a8dca] ==> ignore
    arg [/lib/../lib64/crt1.o] ==> ignore
    arg [/lib/../lib64/crti.o] ==> ignore
    arg [/home/gluck/.local/lib/gcc/x86_64-pc-linux-gnu/8.3.0/crtbegin.o] ==> ignore
    arg [-L/home/gluck/.local/lib/gcc/x86_64-pc-linux-gnu/8.3.0] ==> dir [/home/gluck/.local/lib/gcc/x86_64-pc-linux-gnu/8.3.0]
    arg [-L/home/gluck/.local/lib/gcc/x86_64-pc-linux-gnu/8.3.0/../../../../lib64] ==> dir [/home/gluck/.local/lib/gcc/x86_64-pc-linux-gnu/8.3.0/../../../../lib64]
    arg [-L/lib/../lib64] ==> dir [/lib/../lib64]
    arg [-L/usr/lib/../lib64] ==> dir [/usr/lib/../lib64]
    arg [-L/home/gluck/.local/lib/gcc/x86_64-pc-linux-gnu/8.3.0/../../..] ==> dir [/home/gluck/.local/lib/gcc/x86_64-pc-linux-gnu/8.3.0/../../..]
    arg [CMakeFiles/cmTC_a8dca.dir/CMakeCCompilerABI.c.o] ==> ignore
    arg [-lgcc] ==> lib [gcc]
    arg [--as-needed] ==> ignore
    arg [-lgcc_s] ==> lib [gcc_s]
    arg [--no-as-needed] ==> ignore
    arg [-lc] ==> lib [c]
    arg [-lgcc] ==> lib [gcc]
    arg [--as-needed] ==> ignore
    arg [-lgcc_s] ==> lib [gcc_s]
    arg [--no-as-needed] ==> ignore
    arg [/home/gluck/.local/lib/gcc/x86_64-pc-linux-gnu/8.3.0/crtend.o] ==> ignore
    arg [/lib/../lib64/crtn.o] ==> ignore
  collapse library dir [/home/gluck/.local/lib/gcc/x86_64-pc-linux-gnu/8.3.0] ==> [/home/gluck/.local/lib/gcc/x86_64-pc-linux-gnu/8.3.0]
  collapse library dir [/home/gluck/.local/lib/gcc/x86_64-pc-linux-gnu/8.3.0/../../../../lib64] ==> [/home/gluck/.local/lib64]
  collapse library dir [/lib/../lib64] ==> [/lib64]
  collapse library dir [/usr/lib/../lib64] ==> [/usr/lib64]
  collapse library dir [/home/gluck/.local/lib/gcc/x86_64-pc-linux-gnu/8.3.0/../../..] ==> [/home/gluck/.local/lib]
  implicit libs: [gcc;gcc_s;c;gcc;gcc_s]
  implicit dirs: [/home/gluck/.local/lib/gcc/x86_64-pc-linux-gnu/8.3.0;/home/gluck/.local/lib64;/lib64;/usr/lib64;/home/gluck/.local/lib]
  implicit fwks: []




Detecting C [-std=c11] compiler features compiled with the following output:
Change Dir: /home/gluck/qwe/build/CMakeFiles/CMakeTmp

Run Build Command:"/usr/bin/gmake" "cmTC_a3a23/fast"
/usr/bin/gmake -f CMakeFiles/cmTC_a3a23.dir/build.make CMakeFiles/cmTC_a3a23.dir/build
gmake[1]: вход в каталог «/home/gluck/qwe/build/CMakeFiles/CMakeTmp»
Building C object CMakeFiles/cmTC_a3a23.dir/feature_tests.c.o
/home/gluck/.local/bin/gcc   -std=c11 -o CMakeFiles/cmTC_a3a23.dir/feature_tests.c.o   -c /home/gluck/qwe/build/CMakeFiles/feature_tests.c
Linking C executable cmTC_a3a23
/usr/bin/cmake -E cmake_link_script CMakeFiles/cmTC_a3a23.dir/link.txt --verbose=1
/home/gluck/.local/bin/gcc      CMakeFiles/cmTC_a3a23.dir/feature_tests.c.o  -o cmTC_a3a23 
gmake[1]: выход из каталога «/home/gluck/qwe/build/CMakeFiles/CMakeTmp»


    Feature record: C_FEATURE:1c_function_prototypes
    Feature record: C_FEATURE:1c_restrict
    Feature record: C_FEATURE:1c_static_assert
    Feature record: C_FEATURE:1c_variadic_macros


Detecting C [-std=c99] compiler features compiled with the following output:
Change Dir: /home/gluck/qwe/build/CMakeFiles/CMakeTmp

Run Build Command:"/usr/bin/gmake" "cmTC_d66a8/fast"
/usr/bin/gmake -f CMakeFiles/cmTC_d66a8.dir/build.make CMakeFiles/cmTC_d66a8.dir/build
gmake[1]: вход в каталог «/home/gluck/qwe/build/CMakeFiles/CMakeTmp»
Building C object CMakeFiles/cmTC_d66a8.dir/feature_tests.c.o
/home/gluck/.local/bin/gcc   -std=c99 -o CMakeFiles/cmTC_d66a8.dir/feature_tests.c.o   -c /home/gluck/qwe/build/CMakeFiles/feature_tests.c
Linking C executable cmTC_d66a8
/usr/bin/cmake -E cmake_link_script CMakeFiles/cmTC_d66a8.dir/link.txt --verbose=1
/home/gluck/.local/bin/gcc      CMakeFiles/cmTC_d66a8.dir/feature_tests.c.o  -o cmTC_d66a8 
gmake[1]: выход из каталога «/home/gluck/qwe/build/CMakeFiles/CMakeTmp»


    Feature record: C_FEATURE:1c_function_prototypes
    Feature record: C_FEATURE:1c_restrict
    Feature record: C_FEATURE:0c_static_assert
    Feature record: C_FEATURE:1c_variadic_macros


Detecting C [-std=c90] compiler features compiled with the following output:
Change Dir: /home/gluck/qwe/build/CMakeFiles/CMakeTmp

Run Build Command:"/usr/bin/gmake" "cmTC_22b87/fast"
/usr/bin/gmake -f CMakeFiles/cmTC_22b87.dir/build.make CMakeFiles/cmTC_22b87.dir/build
gmake[1]: вход в каталог «/home/gluck/qwe/build/CMakeFiles/CMakeTmp»
Building C object CMakeFiles/cmTC_22b87.dir/feature_tests.c.o
/home/gluck/.local/bin/gcc   -std=c90 -o CMakeFiles/cmTC_22b87.dir/feature_tests.c.o   -c /home/gluck/qwe/build/CMakeFiles/feature_tests.c
Linking C executable cmTC_22b87
/usr/bin/cmake -E cmake_link_script CMakeFiles/cmTC_22b87.dir/link.txt --verbose=1
/home/gluck/.local/bin/gcc      CMakeFiles/cmTC_22b87.dir/feature_tests.c.o  -o cmTC_22b87 
gmake[1]: выход из каталога «/home/gluck/qwe/build/CMakeFiles/CMakeTmp»


    Feature record: C_FEATURE:1c_function_prototypes
    Feature record: C_FEATURE:0c_restrict
    Feature record: C_FEATURE:0c_static_assert
    Feature record: C_FEATURE:0c_variadic_macros
